This is pdfTeX, Version 3.1415926-2.4-1.40.13 (MiKTeX 2.9 64-bit) (preloaded format=pdflatex 2013.5.8)  28 JAN 2015 22:47
entering extended mode
**spiewnik.tex
(C:\Users\Marta\Desktop\spiewnik\spiewnik.tex
LaTeX2e <2011/06/27>
Babel <v3.8m> and hyphenation patterns for english, afrikaans, ancientgreek, ar
abic, armenian, assamese, basque, bengali, bokmal, bulgarian, catalan, coptic, 
croatian, czech, danish, dutch, esperanto, estonian, farsi, finnish, french, ga
lician, german, german-x-2012-05-30, greek, gujarati, hindi, hungarian, iceland
ic, indonesian, interlingua, irish, italian, kannada, kurmanji, latin, latvian,
 lithuanian, malayalam, marathi, mongolian, mongolianlmc, monogreek, ngerman, n
german-x-2012-05-30, nynorsk, oriya, panjabi, pinyin, polish, portuguese, roman
ian, russian, sanskrit, serbian, slovak, slovenian, spanish, swedish, swissgerm
an, tamil, telugu, turkish, turkmen, ukenglish, ukrainian, uppersorbian, usengl
ishmax, welsh, loaded.
("C:\Program Files\MiKTeX 2.9\tex\latex\base\report.cls"
Document Class: report 2007/10/19 v1.4h Standard LaTeX document class
("C:\Program Files\MiKTeX 2.9\tex\latex\base\size10.clo"
File: size10.clo 2007/10/19 v1.4h Standard LaTeX file (size option)
)
\c@part=\count79
\c@chapter=\count80
\c@section=\count81
\c@subsection=\count82
\c@subsubsection=\count83
\c@paragraph=\count84
\c@subparagraph=\count85
\c@figure=\count86
\c@table=\count87
\abovecaptionskip=\skip41
\belowcaptionskip=\skip42
\bibindent=\dimen102
)
("C:\Program Files\MiKTeX 2.9\tex\latex\base\fontenc.sty"
Package: fontenc 2005/09/27 v1.99g Standard LaTeX package

("C:\Program Files\MiKTeX 2.9\tex\latex\base\t1enc.def"
File: t1enc.def 2005/09/27 v1.99g Standard LaTeX file
LaTeX Font Info:    Redeclaring font encoding T1 on input line 43.
))
("C:\Program Files\MiKTeX 2.9\tex\generic\babel\babel.sty"
Package: babel 2008/07/08 v3.8m The Babel package

*************************************
* Local config file bblopts.cfg used
*
("C:\Program Files\MiKTeX 2.9\tex\latex\00miktex\bblopts.cfg"
File: bblopts.cfg 2006/07/31 v1.0 MiKTeX 'babel' configuration
)
("C:\Program Files\MiKTeX 2.9\tex\generic\babel\polish.ldf"
Language: polish 2005/03/31 v1.2l Polish support from the babel system

("C:\Program Files\MiKTeX 2.9\tex\generic\babel\babel.def"
File: babel.def 2008/07/08 v3.8m Babel common definitions
\babel@savecnt=\count88
\U@D=\dimen103
)
Package babel Info: Making " an active character on input line 83.
\pl@left=\dimen104
\pl@down=\dimen105
\pl@right=\dimen106
\pl@temp=\dimen107
))
("C:\Program Files\MiKTeX 2.9\tex\latex\base\inputenc.sty"
Package: inputenc 2008/03/30 v1.1d Input encoding file
\inpenc@prehook=\toks14
\inpenc@posthook=\toks15

("C:\Program Files\MiKTeX 2.9\tex\latex\base\utf8.def"
File: utf8.def 2008/04/05 v1.1m UTF-8 support for inputenc
Now handling font encoding OML ...
... no UTF-8 mapping file for font encoding OML
Now handling font encoding T1 ...
... processing UTF-8 mapping file for font encoding T1

("C:\Program Files\MiKTeX 2.9\tex\latex\base\t1enc.dfu"
File: t1enc.dfu 2008/04/05 v1.1m UTF-8 support for inputenc
   defining Unicode char U+00A1 (decimal 161)
   defining Unicode char U+00A3 (decimal 163)
   defining Unicode char U+00AB (decimal 171)
   defining Unicode char U+00BB (decimal 187)
   defining Unicode char U+00BF (decimal 191)
   defining Unicode char U+00C0 (decimal 192)
   defining Unicode char U+00C1 (decimal 193)
   defining Unicode char U+00C2 (decimal 194)
   defining Unicode char U+00C3 (decimal 195)
   defining Unicode char U+00C4 (decimal 196)
   defining Unicode char U+00C5 (decimal 197)
   defining Unicode char U+00C6 (decimal 198)
   defining Unicode char U+00C7 (decimal 199)
   defining Unicode char U+00C8 (decimal 200)
   defining Unicode char U+00C9 (decimal 201)
   defining Unicode char U+00CA (decimal 202)
   defining Unicode char U+00CB (decimal 203)
   defining Unicode char U+00CC (decimal 204)
   defining Unicode char U+00CD (decimal 205)
   defining Unicode char U+00CE (decimal 206)
   defining Unicode char U+00CF (decimal 207)
   defining Unicode char U+00D0 (decimal 208)
   defining Unicode char U+00D1 (decimal 209)
   defining Unicode char U+00D2 (decimal 210)
   defining Unicode char U+00D3 (decimal 211)
   defining Unicode char U+00D4 (decimal 212)
   defining Unicode char U+00D5 (decimal 213)
   defining Unicode char U+00D6 (decimal 214)
   defining Unicode char U+00D8 (decimal 216)
   defining Unicode char U+00D9 (decimal 217)
   defining Unicode char U+00DA (decimal 218)
   defining Unicode char U+00DB (decimal 219)
   defining Unicode char U+00DC (decimal 220)
   defining Unicode char U+00DD (decimal 221)
   defining Unicode char U+00DE (decimal 222)
   defining Unicode char U+00DF (decimal 223)
   defining Unicode char U+00E0 (decimal 224)
   defining Unicode char U+00E1 (decimal 225)
   defining Unicode char U+00E2 (decimal 226)
   defining Unicode char U+00E3 (decimal 227)
   defining Unicode char U+00E4 (decimal 228)
   defining Unicode char U+00E5 (decimal 229)
   defining Unicode char U+00E6 (decimal 230)
   defining Unicode char U+00E7 (decimal 231)
   defining Unicode char U+00E8 (decimal 232)
   defining Unicode char U+00E9 (decimal 233)
   defining Unicode char U+00EA (decimal 234)
   defining Unicode char U+00EB (decimal 235)
   defining Unicode char U+00EC (decimal 236)
   defining Unicode char U+00ED (decimal 237)
   defining Unicode char U+00EE (decimal 238)
   defining Unicode char U+00EF (decimal 239)
   defining Unicode char U+00F0 (decimal 240)
   defining Unicode char U+00F1 (decimal 241)
   defining Unicode char U+00F2 (decimal 242)
   defining Unicode char U+00F3 (decimal 243)
   defining Unicode char U+00F4 (decimal 244)
   defining Unicode char U+00F5 (decimal 245)
   defining Unicode char U+00F6 (decimal 246)
   defining Unicode char U+00F8 (decimal 248)
   defining Unicode char U+00F9 (decimal 249)
   defining Unicode char U+00FA (decimal 250)
   defining Unicode char U+00FB (decimal 251)
   defining Unicode char U+00FC (decimal 252)
   defining Unicode char U+00FD (decimal 253)
   defining Unicode char U+00FE (decimal 254)
   defining Unicode char U+00FF (decimal 255)
   defining Unicode char U+0102 (decimal 258)
   defining Unicode char U+0103 (decimal 259)
   defining Unicode char U+0104 (decimal 260)
   defining Unicode char U+0105 (decimal 261)
   defining Unicode char U+0106 (decimal 262)
   defining Unicode char U+0107 (decimal 263)
   defining Unicode char U+010C (decimal 268)
   defining Unicode char U+010D (decimal 269)
   defining Unicode char U+010E (decimal 270)
   defining Unicode char U+010F (decimal 271)
   defining Unicode char U+0110 (decimal 272)
   defining Unicode char U+0111 (decimal 273)
   defining Unicode char U+0118 (decimal 280)
   defining Unicode char U+0119 (decimal 281)
   defining Unicode char U+011A (decimal 282)
   defining Unicode char U+011B (decimal 283)
   defining Unicode char U+011E (decimal 286)
   defining Unicode char U+011F (decimal 287)
   defining Unicode char U+0130 (decimal 304)
   defining Unicode char U+0131 (decimal 305)
   defining Unicode char U+0132 (decimal 306)
   defining Unicode char U+0133 (decimal 307)
   defining Unicode char U+0139 (decimal 313)
   defining Unicode char U+013A (decimal 314)
   defining Unicode char U+013D (decimal 317)
   defining Unicode char U+013E (decimal 318)
   defining Unicode char U+0141 (decimal 321)
   defining Unicode char U+0142 (decimal 322)
   defining Unicode char U+0143 (decimal 323)
   defining Unicode char U+0144 (decimal 324)
   defining Unicode char U+0147 (decimal 327)
   defining Unicode char U+0148 (decimal 328)
   defining Unicode char U+014A (decimal 330)
   defining Unicode char U+014B (decimal 331)
   defining Unicode char U+0150 (decimal 336)
   defining Unicode char U+0151 (decimal 337)
   defining Unicode char U+0152 (decimal 338)
   defining Unicode char U+0153 (decimal 339)
   defining Unicode char U+0154 (decimal 340)
   defining Unicode char U+0155 (decimal 341)
   defining Unicode char U+0158 (decimal 344)
   defining Unicode char U+0159 (decimal 345)
   defining Unicode char U+015A (decimal 346)
   defining Unicode char U+015B (decimal 347)
   defining Unicode char U+015E (decimal 350)
   defining Unicode char U+015F (decimal 351)
   defining Unicode char U+0160 (decimal 352)
   defining Unicode char U+0161 (decimal 353)
   defining Unicode char U+0162 (decimal 354)
   defining Unicode char U+0163 (decimal 355)
   defining Unicode char U+0164 (decimal 356)
   defining Unicode char U+0165 (decimal 357)
   defining Unicode char U+016E (decimal 366)
   defining Unicode char U+016F (decimal 367)
   defining Unicode char U+0170 (decimal 368)
   defining Unicode char U+0171 (decimal 369)
   defining Unicode char U+0178 (decimal 376)
   defining Unicode char U+0179 (decimal 377)
   defining Unicode char U+017A (decimal 378)
   defining Unicode char U+017B (decimal 379)
   defining Unicode char U+017C (decimal 380)
   defining Unicode char U+017D (decimal 381)
   defining Unicode char U+017E (decimal 382)
   defining Unicode char U+200C (decimal 8204)
   defining Unicode char U+2013 (decimal 8211)
   defining Unicode char U+2014 (decimal 8212)
   defining Unicode char U+2018 (decimal 8216)
   defining Unicode char U+2019 (decimal 8217)
   defining Unicode char U+201A (decimal 8218)
   defining Unicode char U+201C (decimal 8220)
   defining Unicode char U+201D (decimal 8221)
   defining Unicode char U+201E (decimal 8222)
   defining Unicode char U+2030 (decimal 8240)
   defining Unicode char U+2031 (decimal 8241)
   defining Unicode char U+2039 (decimal 8249)
   defining Unicode char U+203A (decimal 8250)
   defining Unicode char U+2423 (decimal 9251)
)
Now handling font encoding OT1 ...
... processing UTF-8 mapping file for font encoding OT1

("C:\Program Files\MiKTeX 2.9\tex\latex\base\ot1enc.dfu"
File: ot1enc.dfu 2008/04/05 v1.1m UTF-8 support for inputenc
   defining Unicode char U+00A1 (decimal 161)
   defining Unicode char U+00A3 (decimal 163)
   defining Unicode char U+00B8 (decimal 184)
   defining Unicode char U+00BF (decimal 191)
   defining Unicode char U+00C5 (decimal 197)
   defining Unicode char U+00C6 (decimal 198)
   defining Unicode char U+00D8 (decimal 216)
   defining Unicode char U+00DF (decimal 223)
   defining Unicode char U+00E6 (decimal 230)
   defining Unicode char U+00EC (decimal 236)
   defining Unicode char U+00ED (decimal 237)
   defining Unicode char U+00EE (decimal 238)
   defining Unicode char U+00EF (decimal 239)
   defining Unicode char U+00F8 (decimal 248)
   defining Unicode char U+0131 (decimal 305)
   defining Unicode char U+0141 (decimal 321)
   defining Unicode char U+0142 (decimal 322)
   defining Unicode char U+0152 (decimal 338)
   defining Unicode char U+0153 (decimal 339)
   defining Unicode char U+2013 (decimal 8211)
   defining Unicode char U+2014 (decimal 8212)
   defining Unicode char U+2018 (decimal 8216)
   defining Unicode char U+2019 (decimal 8217)
   defining Unicode char U+201C (decimal 8220)
   defining Unicode char U+201D (decimal 8221)
)
Now handling font encoding OMS ...
... processing UTF-8 mapping file for font encoding OMS

("C:\Program Files\MiKTeX 2.9\tex\latex\base\omsenc.dfu"
File: omsenc.dfu 2008/04/05 v1.1m UTF-8 support for inputenc
   defining Unicode char U+00A7 (decimal 167)
   defining Unicode char U+00B6 (decimal 182)
   defining Unicode char U+00B7 (decimal 183)
   defining Unicode char U+2020 (decimal 8224)
   defining Unicode char U+2021 (decimal 8225)
   defining Unicode char U+2022 (decimal 8226)
)
Now handling font encoding OMX ...
... no UTF-8 mapping file for font encoding OMX
Now handling font encoding U ...
... no UTF-8 mapping file for font encoding U
   defining Unicode char U+00A9 (decimal 169)
   defining Unicode char U+00AA (decimal 170)
   defining Unicode char U+00AE (decimal 174)
   defining Unicode char U+00BA (decimal 186)
   defining Unicode char U+02C6 (decimal 710)
   defining Unicode char U+02DC (decimal 732)
   defining Unicode char U+200C (decimal 8204)
   defining Unicode char U+2026 (decimal 8230)
   defining Unicode char U+2122 (decimal 8482)
   defining Unicode char U+2423 (decimal 9251)
))
("C:\Program Files\MiKTeX 2.9\tex\latex\amsmath\amsmath.sty"
Package: amsmath 2013/01/14 v2.14 AMS math features
\@mathmargin=\skip43

For additional information on amsmath, use the `?' option.
("C:\Program Files\MiKTeX 2.9\tex\latex\amsmath\amstext.sty"
Package: amstext 2000/06/29 v2.01

("C:\Program Files\MiKTeX 2.9\tex\latex\amsmath\amsgen.sty"
File: amsgen.sty 1999/11/30 v2.0
\@emptytoks=\toks16
\ex@=\dimen108
))
("C:\Program Files\MiKTeX 2.9\tex\latex\amsmath\amsbsy.sty"
Package: amsbsy 1999/11/29 v1.2d
\pmbraise@=\dimen109
)
("C:\Program Files\MiKTeX 2.9\tex\latex\amsmath\amsopn.sty"
Package: amsopn 1999/12/14 v2.01 operator names
)
\inf@bad=\count89
LaTeX Info: Redefining \frac on input line 210.
\uproot@=\count90
\leftroot@=\count91
LaTeX Info: Redefining \overline on input line 306.
\classnum@=\count92
\DOTSCASE@=\count93
LaTeX Info: Redefining \ldots on input line 378.
LaTeX Info: Redefining \dots on input line 381.
LaTeX Info: Redefining \cdots on input line 466.
\Mathstrutbox@=\box26
\strutbox@=\box27
\big@size=\dimen110
LaTeX Font Info:    Redeclaring font encoding OML on input line 566.
LaTeX Font Info:    Redeclaring font encoding OMS on input line 567.
\macc@depth=\count94
\c@MaxMatrixCols=\count95
\dotsspace@=\muskip10
\c@parentequation=\count96
\dspbrk@lvl=\count97
\tag@help=\toks17
\row@=\count98
\column@=\count99
\maxfields@=\count100
\andhelp@=\toks18
\eqnshift@=\dimen111
\alignsep@=\dimen112
\tagshift@=\dimen113
\tagwidth@=\dimen114
\totwidth@=\dimen115
\lineht@=\dimen116
\@envbody=\toks19
\multlinegap=\skip44
\multlinetaggap=\skip45
\mathdisplay@stack=\toks20
LaTeX Info: Redefining \[ on input line 2665.
LaTeX Info: Redefining \] on input line 2666.
)
("C:\Program Files\MiKTeX 2.9\tex\latex\amsfonts\amsfonts.sty"
Package: amsfonts 2013/01/14 v3.01 Basic AMSFonts support
\symAMSa=\mathgroup4
\symAMSb=\mathgroup5
LaTeX Font Info:    Overwriting math alphabet `\mathfrak' in version `bold'
(Font)                  U/euf/m/n --> U/euf/b/n on input line 106.
)
("C:\Program Files\MiKTeX 2.9\tex\latex\graphics\graphicx.sty"
Package: graphicx 1999/02/16 v1.0f Enhanced LaTeX Graphics (DPC,SPQR)

("C:\Program Files\MiKTeX 2.9\tex\latex\graphics\keyval.sty"
Package: keyval 1999/03/16 v1.13 key=value parser (DPC)
\KV@toks@=\toks21
)
("C:\Program Files\MiKTeX 2.9\tex\latex\graphics\graphics.sty"
Package: graphics 2009/02/05 v1.0o Standard LaTeX Graphics (DPC,SPQR)

("C:\Program Files\MiKTeX 2.9\tex\latex\graphics\trig.sty"
Package: trig 1999/03/16 v1.09 sin cos tan (DPC)
)
("C:\Program Files\MiKTeX 2.9\tex\latex\00miktex\graphics.cfg"
File: graphics.cfg 2007/01/18 v1.5 graphics configuration of teTeX/TeXLive
)
Package graphics Info: Driver file: pdftex.def on input line 91.

("C:\Program Files\MiKTeX 2.9\tex\latex\pdftex-def\pdftex.def"
File: pdftex.def 2011/05/27 v0.06d Graphics/color for pdfTeX

("C:\Program Files\MiKTeX 2.9\tex\generic\oberdiek\infwarerr.sty"
Package: infwarerr 2010/04/08 v1.3 Providing info/warning/error messages (HO)
)
("C:\Program Files\MiKTeX 2.9\tex\generic\oberdiek\ltxcmds.sty"
Package: ltxcmds 2011/11/09 v1.22 LaTeX kernel commands for general use (HO)
)
\Gread@gobject=\count101
))
\Gin@req@height=\dimen117
\Gin@req@width=\dimen118
)
("C:\Program Files\MiKTeX 2.9\tex\latex\setspace\setspace.sty"
Package: setspace 2011/12/19 v6.7a set line spacing
)
("C:\Program Files\MiKTeX 2.9\tex\latex\savesym\savesym.sty"

LaTeX Warning: You have requested package `savesym',
               but the package provides `savesymbol'.

Package: savesymbol 2003/06/01 v1.1 Saves and restores symbols
) ("C:\Program Files\MiKTeX 2.9\tex\latex\graphics\color.sty"
Package: color 2005/11/14 v1.0j Standard LaTeX Color (DPC)

("C:\Program Files\MiKTeX 2.9\tex\latex\00miktex\color.cfg"
File: color.cfg 2007/01/18 v1.5 color configuration of teTeX/TeXLive
)
Package color Info: Driver file: pdftex.def on input line 130.
)
("C:\Program Files\MiKTeX 2.9\tex\latex\xcolor\xcolor.sty"
Package: xcolor 2007/01/21 v2.11 LaTeX color extensions (UK)

("C:\Program Files\MiKTeX 2.9\tex\latex\00miktex\color.cfg"
File: color.cfg 2007/01/18 v1.5 color configuration of teTeX/TeXLive
)
Package xcolor Info: Driver file: pdftex.def on input line 225.
LaTeX Info: Redefining \color on input line 702.
Package xcolor Info: Model `cmy' substituted by `cmy0' on input line 1337.
Package xcolor Info: Model `hsb' substituted by `rgb' on input line 1341.
Package xcolor Info: Model `RGB' extended on input line 1353.
Package xcolor Info: Model `HTML' substituted by `rgb' on input line 1355.
Package xcolor Info: Model `Hsb' substituted by `hsb' on input line 1356.
Package xcolor Info: Model `tHsb' substituted by `hsb' on input line 1357.
Package xcolor Info: Model `HSB' substituted by `hsb' on input line 1358.
Package xcolor Info: Model `Gray' substituted by `gray' on input line 1359.
Package xcolor Info: Model `wave' substituted by `hsb' on input line 1360.
)
("C:\Program Files\MiKTeX 2.9\tex\latex\pict2e\pict2e.sty"
Package: pict2e 2011/04/05 v0.2y Improved picture commands (HjG,RN,JT)

("C:\Program Files\MiKTeX 2.9\tex\latex\00miktex\pict2e.cfg"
File: pict2e.cfg 2005/12/29 v1.0 MiKTeX 'pict2e' configuration
)
Package pict2e Info: Driver file: pdftex.def on input line 119.
Package pict2e Info: Driver file for pict2e: p2e-pdftex.def on input line 121.

("C:\Program Files\MiKTeX 2.9\tex\latex\pict2e\p2e-pdftex.def"
File: p2e-pdftex.def 2011/04/05 v0.1t Driver-dependant file (RN,HjG,JT)
)
\pIIe@GRAPH=\toks22
\@arclen=\dimen119
\@arcrad=\dimen120
\@tempdimd=\dimen121
)
("C:\Program Files\MiKTeX 2.9\tex\latex\oberdiek\epstopdf.sty"
Package: epstopdf 2010/02/09 v2.5 Conversion with epstopdf on the fly (HO)

("C:\Program Files\MiKTeX 2.9\tex\latex\oberdiek\epstopdf-base.sty"
Package: epstopdf-base 2010/02/09 v2.5 Base part for package epstopdf

("C:\Program Files\MiKTeX 2.9\tex\latex\oberdiek\grfext.sty"
Package: grfext 2010/08/19 v1.1 Manage graphics extensions (HO)

("C:\Program Files\MiKTeX 2.9\tex\generic\oberdiek\kvdefinekeys.sty"
Package: kvdefinekeys 2011/04/07 v1.3 Define keys (HO)
))
("C:\Program Files\MiKTeX 2.9\tex\latex\oberdiek\kvoptions.sty"
Package: kvoptions 2011/06/30 v3.11 Key value format for package options (HO)

("C:\Program Files\MiKTeX 2.9\tex\generic\oberdiek\kvsetkeys.sty"
Package: kvsetkeys 2012/04/25 v1.16 Key value parser (HO)

("C:\Program Files\MiKTeX 2.9\tex\generic\oberdiek\etexcmds.sty"
Package: etexcmds 2011/02/16 v1.5 Avoid name clashes with e-TeX commands (HO)

("C:\Program Files\MiKTeX 2.9\tex\generic\oberdiek\ifluatex.sty"
Package: ifluatex 2010/03/01 v1.3 Provides the ifluatex switch (HO)
Package ifluatex Info: LuaTeX not detected.
)
Package etexcmds Info: Could not find \expanded.
(etexcmds)             That can mean that you are not using pdfTeX 1.50 or
(etexcmds)             that some package has redefined \expanded.
(etexcmds)             In the latter case, load this package earlier.
)))
("C:\Program Files\MiKTeX 2.9\tex\generic\oberdiek\pdftexcmds.sty"
Package: pdftexcmds 2011/11/29 v0.20 Utility functions of pdfTeX for LuaTeX (HO
)

("C:\Program Files\MiKTeX 2.9\tex\generic\oberdiek\ifpdf.sty"
Package: ifpdf 2011/01/30 v2.3 Provides the ifpdf switch (HO)
Package ifpdf Info: pdfTeX in PDF mode is detected.
)
Package pdftexcmds Info: LuaTeX not detected.
Package pdftexcmds Info: \pdf@primitive is available.
Package pdftexcmds Info: \pdf@ifprimitive is available.
Package pdftexcmds Info: \pdfdraftmode found.
)
Package grfext Info: Graphics extension search list:
(grfext)             [.png,.pdf,.jpg,.mps,.jpeg,.jbig2,.jb2,.PNG,.PDF,.JPG,.JPE
G,.JBIG2,.JB2,.eps]
(grfext)             \AppendGraphicsExtensions on input line 452.
))
("C:\Program Files\MiKTeX 2.9\tex\latex\geometry\geometry.sty"
Package: geometry 2010/09/12 v5.6 Page Geometry

("C:\Program Files\MiKTeX 2.9\tex\generic\oberdiek\ifvtex.sty"
Package: ifvtex 2010/03/01 v1.5 Detect VTeX and its facilities (HO)
Package ifvtex Info: VTeX not detected.
)
("C:\Program Files\MiKTeX 2.9\tex\generic\ifxetex\ifxetex.sty"
Package: ifxetex 2010/09/12 v0.6 Provides ifxetex conditional
)
\Gm@cnth=\count102
\Gm@cntv=\count103
\c@Gm@tempcnt=\count104
\Gm@bindingoffset=\dimen122
\Gm@wd@mp=\dimen123
\Gm@odd@mp=\dimen124
\Gm@even@mp=\dimen125
\Gm@layoutwidth=\dimen126
\Gm@layoutheight=\dimen127
\Gm@layouthoffset=\dimen128
\Gm@layoutvoffset=\dimen129
\Gm@dimlist=\toks23

("C:\Program Files\MiKTeX 2.9\tex\latex\geometry\geometry.cfg"))
("C:\Program Files\MiKTeX 2.9\tex\latex\tools\enumerate.sty"
Package: enumerate 1999/03/05 v3.00 enumerate extensions (DPC)
\@enLab=\toks24
)
("C:\Program Files\MiKTeX 2.9\tex\latex\tools\multicol.sty"
Package: multicol 2011/06/27 v1.7a multicolumn formatting (FMi)
\c@tracingmulticols=\count105
\mult@box=\box28
\multicol@leftmargin=\dimen130
\c@unbalance=\count106
\c@collectmore=\count107
\doublecol@number=\count108
\multicoltolerance=\count109
\multicolpretolerance=\count110
\full@width=\dimen131
\page@free=\dimen132
\premulticols=\dimen133
\postmulticols=\dimen134
\multicolsep=\skip46
\multicolbaselineskip=\skip47
\partial@page=\box29
\last@line=\box30
\mult@rightbox=\box31
\mult@grightbox=\box32
\mult@gfirstbox=\box33
\mult@firstbox=\box34
\@tempa=\box35
\@tempa=\box36
\@tempa=\box37
\@tempa=\box38
\@tempa=\box39
\@tempa=\box40
\@tempa=\box41
\@tempa=\box42
\@tempa=\box43
\@tempa=\box44
\@tempa=\box45
\@tempa=\box46
\@tempa=\box47
\@tempa=\box48
\@tempa=\box49
\@tempa=\box50
\@tempa=\box51
\c@columnbadness=\count111
\c@finalcolumnbadness=\count112
\last@try=\dimen135
\multicolovershoot=\dimen136
\multicolundershoot=\dimen137
\mult@nat@firstbox=\box52
\colbreak@box=\box53
\multicol@sort@counter=\count113
)
("C:\Program Files\MiKTeX 2.9\tex\latex\changepage\changepage.sty"
Package: changepage 2009/10/20 v1.0c check page and change page layout
\c@cp@cntr=\count114
\cp@tempcnt=\count115
)
*geometry* verbose mode - [ newgeometry ] result:
* driver: 
* paper: a4paper
* layout: <same size as paper>
* layoutoffset:(h,v)=(0.0pt,0.0pt)
* modes: 
* h-part:(L,W,R)=(34.14322pt, 529.22144pt, 34.14322pt)
* v-part:(T,H,B)=(36.98866pt, 773.91496pt, 34.14322pt)
* \paperwidth=597.50787pt
* \paperheight=845.04684pt
* \textwidth=529.22144pt
* \textheight=773.91496pt
* \oddsidemargin=-38.12677pt
* \evensidemargin=-38.12677pt
* \topmargin=-72.28133pt
* \headheight=12.0pt
* \headsep=25.0pt
* \topskip=10.0pt
* \footskip=30.0pt
* \marginparwidth=57.0pt
* \marginparsep=11.0pt
* \columnsep=10.0pt
* \skip\footins=9.0pt plus 4.0pt minus 2.0pt
* \hoffset=0.0pt
* \voffset=0.0pt
* \mag=1000
* \@twocolumnfalse
* \@twosidefalse
* \@mparswitchfalse
* \@reversemarginfalse
* (1in=72.27pt=25.4mm, 1cm=28.453pt)



LaTeX Warning: Unused global option(s):
    [100pt].

(C:\Users\Marta\Desktop\spiewnik\spiewnik.aux)
LaTeX Font Info:    Checking defaults for OML/cmm/m/it on input line 62.
LaTeX Font Info:    ... okay on input line 62.
LaTeX Font Info:    Checking defaults for T1/cmr/m/n on input line 62.
LaTeX Font Info:    ... okay on input line 62.
LaTeX Font Info:    Checking defaults for OT1/cmr/m/n on input line 62.
LaTeX Font Info:    ... okay on input line 62.
LaTeX Font Info:    Checking defaults for OMS/cmsy/m/n on input line 62.
LaTeX Font Info:    ... okay on input line 62.
LaTeX Font Info:    Checking defaults for OMX/cmex/m/n on input line 62.
LaTeX Font Info:    ... okay on input line 62.
LaTeX Font Info:    Checking defaults for U/cmr/m/n on input line 62.
LaTeX Font Info:    ... okay on input line 62.

("C:\Program Files\MiKTeX 2.9\tex\context\base\supp-pdf.mkii"
[Loading MPS to PDF converter (version 2006.09.02).]
\scratchcounter=\count116
\scratchdimen=\dimen138
\scratchbox=\box54
\nofMPsegments=\count117
\nofMParguments=\count118
\everyMPshowfont=\toks25
\MPscratchCnt=\count119
\MPscratchDim=\dimen139
\MPnumerator=\count120
\makeMPintoPDFobject=\count121
\everyMPtoPDFconversion=\toks26
)
*geometry* driver: auto-detecting
*geometry* detected driver: pdftex
*geometry* verbose mode - [ preamble ] result:
* driver: pdftex
* paper: a4paper
* layout: <same size as paper>
* layoutoffset:(h,v)=(0.0pt,0.0pt)
* modes: 
* h-part:(L,W,R)=(34.14322pt, 529.22144pt, 34.14322pt)
* v-part:(T,H,B)=(36.98866pt, 773.91496pt, 34.14322pt)
* \paperwidth=597.50787pt
* \paperheight=845.04684pt
* \textwidth=529.22144pt
* \textheight=773.91496pt
* \oddsidemargin=-38.12677pt
* \evensidemargin=-38.12677pt
* \topmargin=-72.28133pt
* \headheight=12.0pt
* \headsep=25.0pt
* \topskip=10.0pt
* \footskip=30.0pt
* \marginparwidth=57.0pt
* \marginparsep=11.0pt
* \columnsep=14.22636pt
* \skip\footins=9.0pt plus 4.0pt minus 2.0pt
* \hoffset=0.0pt
* \voffset=0.0pt
* \mag=1000
* \@twocolumnfalse
* \@twosidefalse
* \@mparswitchfalse
* \@reversemarginfalse
* (1in=72.27pt=25.4mm, 1cm=28.453pt)


Underfull \hbox (badness 10000) in paragraph at lines 66--96

 []


Underfull \hbox (badness 10000) in paragraph at lines 66--96

 []


Underfull \hbox (badness 10000) in paragraph at lines 66--96

 []


Underfull \hbox (badness 10000) in paragraph at lines 66--96

 []


Underfull \hbox (badness 10000) in paragraph at lines 66--96

 []


Underfull \hbox (badness 10000) in paragraph at lines 66--96

 []


Underfull \hbox (badness 10000) in paragraph at lines 98--113

 []


Underfull \hbox (badness 10000) in paragraph at lines 98--113

 []

[1


{C:/ProgramData/MiKTeX/2.9/pdftex/config/pdftex.map}]
Underfull \hbox (badness 10000) in paragraph at lines 118--145

 []


Underfull \hbox (badness 10000) in paragraph at lines 118--145

 []


Underfull \hbox (badness 10000) in paragraph at lines 118--145

 []


Underfull \hbox (badness 10000) in paragraph at lines 118--145

 []

[2]
Underfull \hbox (badness 10000) in paragraph at lines 149--180

 []


Underfull \hbox (badness 10000) in paragraph at lines 149--180

 []


Underfull \hbox (badness 10000) in paragraph at lines 149--180

 []


Underfull \hbox (badness 10000) in paragraph at lines 149--180

 []


Underfull \hbox (badness 10000) in paragraph at lines 149--180

 []


Underfull \hbox (badness 10000) in paragraph at lines 149--180

 []


Underfull \hbox (badness 10000) in paragraph at lines 149--180

 []


Underfull \hbox (badness 10000) in paragraph at lines 182--208

 []


Underfull \hbox (badness 10000) in paragraph at lines 182--208

 []


Underfull \hbox (badness 10000) in paragraph at lines 182--208

 []


Underfull \hbox (badness 10000) in paragraph at lines 182--208

 []

[3]
Underfull \hbox (badness 10000) in paragraph at lines 213--244

 []


Underfull \hbox (badness 10000) in paragraph at lines 213--244

 []


Underfull \hbox (badness 10000) in paragraph at lines 213--244

 []


Underfull \hbox (badness 10000) in paragraph at lines 213--244

 []


Underfull \hbox (badness 10000) in paragraph at lines 213--244

 []

[4]
Underfull \hbox (badness 10000) in paragraph at lines 248--276

 []


Underfull \hbox (badness 10000) in paragraph at lines 248--276

 []


Underfull \hbox (badness 10000) in paragraph at lines 248--276

 []


Underfull \hbox (badness 10000) in paragraph at lines 278--295

 []


Underfull \hbox (badness 10000) in paragraph at lines 278--295

 []


Underfull \hbox (badness 10000) in paragraph at lines 278--295

 []


Underfull \hbox (badness 10000) in paragraph at lines 278--295

 []

[5]
Underfull \hbox (badness 10000) in paragraph at lines 300--329

 []


Underfull \hbox (badness 10000) in paragraph at lines 300--329

 []


Underfull \hbox (badness 10000) in paragraph at lines 300--329

 []


Underfull \hbox (badness 10000) in paragraph at lines 300--329

 []


Underfull \hbox (badness 10000) in paragraph at lines 300--329

 []


Underfull \hbox (badness 10000) in paragraph at lines 300--329

 []

[6]
Underfull \hbox (badness 10000) in paragraph at lines 333--363

 []


Underfull \hbox (badness 10000) in paragraph at lines 333--363

 []


Underfull \hbox (badness 10000) in paragraph at lines 333--363

 []


Underfull \hbox (badness 10000) in paragraph at lines 333--363

 []


Underfull \hbox (badness 10000) in paragraph at lines 365--379

 []


Underfull \hbox (badness 10000) in paragraph at lines 365--379

 []

[7]
Underfull \hbox (badness 10000) in paragraph at lines 383--412

 []


Underfull \hbox (badness 10000) in paragraph at lines 383--412

 []


Underfull \hbox (badness 10000) in paragraph at lines 383--412

 []


Underfull \hbox (badness 10000) in paragraph at lines 383--412

 []


Underfull \hbox (badness 10000) in paragraph at lines 414--444

 []


Underfull \hbox (badness 10000) in paragraph at lines 414--444

 []


Underfull \hbox (badness 10000) in paragraph at lines 414--444

 []


Underfull \hbox (badness 10000) in paragraph at lines 414--444

 []

[8]
Underfull \hbox (badness 10000) in paragraph at lines 448--481

 []


Underfull \hbox (badness 10000) in paragraph at lines 448--481

 []


Underfull \hbox (badness 10000) in paragraph at lines 448--481

 []


Underfull \hbox (badness 10000) in paragraph at lines 483--502

 []


Underfull \hbox (badness 10000) in paragraph at lines 483--502

 []

[9]
Underfull \hbox (badness 10000) in paragraph at lines 507--540

 []


Underfull \hbox (badness 10000) in paragraph at lines 507--540

 []


Underfull \hbox (badness 10000) in paragraph at lines 507--540

 []


Underfull \hbox (badness 10000) in paragraph at lines 507--540

 []


Underfull \hbox (badness 10000) in paragraph at lines 507--540

 []

[10]
Underfull \hbox (badness 10000) in paragraph at lines 545--577

 []


Underfull \hbox (badness 10000) in paragraph at lines 545--577

 []


Underfull \hbox (badness 10000) in paragraph at lines 545--577

 []


Underfull \hbox (badness 10000) in paragraph at lines 545--577

 []


Underfull \hbox (badness 10000) in paragraph at lines 545--577

 []

[11]
Underfull \hbox (badness 10000) in paragraph at lines 581--614

 []


Underfull \hbox (badness 10000) in paragraph at lines 581--614

 []


Underfull \hbox (badness 10000) in paragraph at lines 581--614

 []


Underfull \hbox (badness 10000) in paragraph at lines 581--614

 []


Underfull \hbox (badness 10000) in paragraph at lines 581--614

 []


Underfull \hbox (badness 10000) in paragraph at lines 616--648

 []


Underfull \hbox (badness 10000) in paragraph at lines 616--648

 []


Underfull \hbox (badness 10000) in paragraph at lines 616--648

 []


Underfull \hbox (badness 10000) in paragraph at lines 616--648

 []


Underfull \hbox (badness 10000) in paragraph at lines 616--648

 []


Underfull \hbox (badness 10000) in paragraph at lines 616--648

 []

[12]
Underfull \hbox (badness 10000) in paragraph at lines 653--684

 []


Underfull \hbox (badness 10000) in paragraph at lines 653--684

 []


Underfull \hbox (badness 10000) in paragraph at lines 653--684

 []


Underfull \hbox (badness 10000) in paragraph at lines 653--684

 []


Underfull \hbox (badness 10000) in paragraph at lines 653--684

 []


Underfull \hbox (badness 10000) in paragraph at lines 653--684

 []

[13]
Underfull \hbox (badness 10000) in paragraph at lines 688--721

 []


Underfull \hbox (badness 10000) in paragraph at lines 688--721

 []


Underfull \hbox (badness 10000) in paragraph at lines 688--721

 []


Underfull \hbox (badness 10000) in paragraph at lines 688--721

 []


Underfull \hbox (badness 10000) in paragraph at lines 688--721

 []


Underfull \hbox (badness 10000) in paragraph at lines 688--721

 []


Underfull \hbox (badness 10000) in paragraph at lines 723--752

 []


Underfull \hbox (badness 10000) in paragraph at lines 723--752

 []


Underfull \hbox (badness 10000) in paragraph at lines 723--752

 []


Underfull \hbox (badness 10000) in paragraph at lines 723--752

 []


Underfull \hbox (badness 10000) in paragraph at lines 723--752

 []

[14]
Underfull \hbox (badness 10000) in paragraph at lines 757--772

 []


Underfull \hbox (badness 10000) in paragraph at lines 757--772

 []


Underfull \hbox (badness 10000) in paragraph at lines 757--772

 []


Underfull \hbox (badness 10000) in paragraph at lines 757--772

 []


Underfull \hbox (badness 10000) in paragraph at lines 757--772

 []


Underfull \hbox (badness 10000) in paragraph at lines 757--772

 []

[15]
LaTeX Font Info:    Try loading font information for U+msa on input line 795.
 ("C:\Program Files\MiKTeX 2.9\tex\latex\amsfonts\umsa.fd"
File: umsa.fd 2013/01/14 v3.01 AMS symbols A
)
LaTeX Font Info:    Try loading font information for U+msb on input line 795.

("C:\Program Files\MiKTeX 2.9\tex\latex\amsfonts\umsb.fd"
File: umsb.fd 2013/01/14 v3.01 AMS symbols B
)
Underfull \hbox (badness 10000) in paragraph at lines 776--843

 []


Underfull \hbox (badness 10000) in paragraph at lines 776--843

 []


Underfull \hbox (badness 10000) in paragraph at lines 776--843

 []


Underfull \hbox (badness 10000) in paragraph at lines 776--843

 []


Underfull \hbox (badness 10000) in paragraph at lines 776--843

 []


Underfull \hbox (badness 10000) in paragraph at lines 776--843

 []


Underfull \hbox (badness 10000) in paragraph at lines 776--843

 []


Underfull \hbox (badness 10000) in paragraph at lines 776--843

 []


Underfull \hbox (badness 10000) in paragraph at lines 776--843

 []


Underfull \hbox (badness 10000) in paragraph at lines 776--843

 []


Underfull \hbox (badness 10000) in paragraph at lines 776--843

 []

[16]
Underfull \hbox (badness 10000) in paragraph at lines 848--881

 []


Underfull \hbox (badness 10000) in paragraph at lines 848--881

 []


Underfull \hbox (badness 10000) in paragraph at lines 848--881

 []

[17]
Underfull \hbox (badness 10000) in paragraph at lines 886--919

 []


Underfull \hbox (badness 10000) in paragraph at lines 886--919

 []


Underfull \hbox (badness 10000) in paragraph at lines 886--919

 []


Underfull \hbox (badness 10000) in paragraph at lines 886--919

 []


Underfull \hbox (badness 10000) in paragraph at lines 886--919

 []


Underfull \hbox (badness 10000) in paragraph at lines 886--919

 []

[18]
Underfull \hbox (badness 10000) in paragraph at lines 923--956

 []


Underfull \hbox (badness 10000) in paragraph at lines 923--956

 []


Underfull \hbox (badness 10000) in paragraph at lines 923--956

 []


Underfull \hbox (badness 10000) in paragraph at lines 923--956

 []


Underfull \hbox (badness 10000) in paragraph at lines 923--956

 []


Underfull \hbox (badness 10000) in paragraph at lines 923--956

 []


Underfull \hbox (badness 10000) in paragraph at lines 923--956

 []


Underfull \hbox (badness 10000) in paragraph at lines 958--978

 []


Underfull \hbox (badness 10000) in paragraph at lines 958--978

 []


Underfull \hbox (badness 10000) in paragraph at lines 958--978

 []

[19]
Underfull \hbox (badness 10000) in paragraph at lines 983--1014

 []


Underfull \hbox (badness 10000) in paragraph at lines 983--1014

 []


Underfull \hbox (badness 10000) in paragraph at lines 983--1014

 []


Underfull \hbox (badness 10000) in paragraph at lines 983--1014

 []

[20]
Underfull \hbox (badness 10000) in paragraph at lines 1019--1049

 []


Underfull \hbox (badness 10000) in paragraph at lines 1019--1049

 []


Underfull \hbox (badness 10000) in paragraph at lines 1019--1049

 []


Underfull \hbox (badness 10000) in paragraph at lines 1019--1049

 []


Underfull \hbox (badness 10000) in paragraph at lines 1019--1049

 []


Underfull \hbox (badness 10000) in paragraph at lines 1019--1049

 []


Underfull \hbox (badness 10000) in paragraph at lines 1019--1049

 []

[21]
Underfull \hbox (badness 10000) in paragraph at lines 1053--1083

 []


Underfull \hbox (badness 10000) in paragraph at lines 1053--1083

 []


Underfull \hbox (badness 10000) in paragraph at lines 1053--1083

 []


Underfull \hbox (badness 10000) in paragraph at lines 1053--1083

 []


Underfull \hbox (badness 10000) in paragraph at lines 1085--1099

 []


Underfull \hbox (badness 10000) in paragraph at lines 1085--1099

 []


Underfull \hbox (badness 10000) in paragraph at lines 1085--1099

 []

[22]
Underfull \hbox (badness 10000) in paragraph at lines 1103--1136

 []


Underfull \hbox (badness 10000) in paragraph at lines 1103--1136

 []


Underfull \hbox (badness 10000) in paragraph at lines 1103--1136

 []


Underfull \hbox (badness 10000) in paragraph at lines 1103--1136

 []


Underfull \hbox (badness 10000) in paragraph at lines 1103--1136

 []


Underfull \hbox (badness 10000) in paragraph at lines 1103--1136

 []


Underfull \hbox (badness 10000) in paragraph at lines 1138--1149

 []


Underfull \hbox (badness 10000) in paragraph at lines 1138--1149

 []

[23]
Underfull \hbox (badness 10000) in paragraph at lines 1153--1187

 []


Underfull \hbox (badness 10000) in paragraph at lines 1153--1187

 []


Underfull \hbox (badness 10000) in paragraph at lines 1189--1217

 []


Underfull \hbox (badness 10000) in paragraph at lines 1189--1217

 []


Underfull \hbox (badness 10000) in paragraph at lines 1189--1217

 []

[24]
Underfull \hbox (badness 10000) in paragraph at lines 1221--1255

 []


Underfull \hbox (badness 10000) in paragraph at lines 1221--1255

 []


Underfull \hbox (badness 10000) in paragraph at lines 1221--1255

 []


Underfull \hbox (badness 10000) in paragraph at lines 1221--1255

 []


Underfull \hbox (badness 10000) in paragraph at lines 1257--1327

 []


Underfull \hbox (badness 10000) in paragraph at lines 1257--1327

 []


Underfull \hbox (badness 10000) in paragraph at lines 1257--1327

 []


Underfull \hbox (badness 10000) in paragraph at lines 1257--1327

 []


Underfull \hbox (badness 10000) in paragraph at lines 1257--1327

 []


Underfull \hbox (badness 10000) in paragraph at lines 1257--1327

 []


Underfull \hbox (badness 10000) in paragraph at lines 1257--1327

 []


Underfull \hbox (badness 10000) in paragraph at lines 1257--1327

 []


Underfull \hbox (badness 10000) in paragraph at lines 1257--1327

 []


Underfull \hbox (badness 10000) in paragraph at lines 1257--1327

 []

[25]
Underfull \hbox (badness 10000) in paragraph at lines 1329--1355

 []


Underfull \hbox (badness 10000) in paragraph at lines 1329--1355

 []


Underfull \hbox (badness 10000) in paragraph at lines 1329--1355

 []


Underfull \hbox (badness 10000) in paragraph at lines 1329--1355

 []

[26]
Underfull \hbox (badness 10000) in paragraph at lines 1360--1390

 []


Underfull \hbox (badness 10000) in paragraph at lines 1360--1390

 []


Underfull \hbox (badness 10000) in paragraph at lines 1360--1390

 []


Underfull \hbox (badness 10000) in paragraph at lines 1360--1390

 []


Underfull \hbox (badness 10000) in paragraph at lines 1360--1390

 []


Underfull \hbox (badness 10000) in paragraph at lines 1360--1390

 []

[27]
Underfull \hbox (badness 10000) in paragraph at lines 1395--1430

 []


Underfull \hbox (badness 10000) in paragraph at lines 1395--1430

 []


Underfull \hbox (badness 10000) in paragraph at lines 1395--1430

 []


Underfull \hbox (badness 10000) in paragraph at lines 1432--1466

 []


Underfull \hbox (badness 10000) in paragraph at lines 1432--1466

 []


Underfull \hbox (badness 10000) in paragraph at lines 1432--1466

 []

[28]
Underfull \hbox (badness 10000) in paragraph at lines 1472--1499

 []


Underfull \hbox (badness 10000) in paragraph at lines 1472--1499

 []


Underfull \hbox (badness 10000) in paragraph at lines 1472--1499

 []


Underfull \hbox (badness 10000) in paragraph at lines 1472--1499

 []

[29]
Underfull \hbox (badness 10000) in paragraph at lines 1503--1535

 []


Underfull \hbox (badness 10000) in paragraph at lines 1503--1535

 []


Underfull \hbox (badness 10000) in paragraph at lines 1503--1535

 []


Underfull \hbox (badness 10000) in paragraph at lines 1503--1535

 []


Underfull \hbox (badness 10000) in paragraph at lines 1537--1564

 []


Underfull \hbox (badness 10000) in paragraph at lines 1537--1564

 []


Underfull \hbox (badness 10000) in paragraph at lines 1537--1564

 []

[30]
Underfull \hbox (badness 10000) in paragraph at lines 1569--1602

 []


Underfull \hbox (badness 10000) in paragraph at lines 1569--1602

 []


Underfull \hbox (badness 10000) in paragraph at lines 1569--1602

 []


Underfull \hbox (badness 10000) in paragraph at lines 1569--1602

 []

[31]
Underfull \hbox (badness 10000) in paragraph at lines 1606--1640

 []


Underfull \hbox (badness 10000) in paragraph at lines 1606--1640

 []


Underfull \hbox (badness 10000) in paragraph at lines 1606--1640

 []


Underfull \hbox (badness 10000) in paragraph at lines 1642--1675

 []


Underfull \hbox (badness 10000) in paragraph at lines 1642--1675

 []


Underfull \hbox (badness 10000) in paragraph at lines 1642--1675

 []

[32]
Underfull \hbox (badness 10000) in paragraph at lines 1680--1712

 []


Underfull \hbox (badness 10000) in paragraph at lines 1680--1712

 []


Underfull \hbox (badness 10000) in paragraph at lines 1680--1712

 []


Underfull \hbox (badness 10000) in paragraph at lines 1680--1712

 []


Underfull \hbox (badness 10000) in paragraph at lines 1680--1712

 []

[33] (C:\Users\Marta\Desktop\spiewnik\spiewnik.aux) ) 
Here is how much of TeX's memory you used:
 4287 strings out of 493921
 55013 string characters out of 3147283
 135569 words of memory out of 3000000
 7479 multiletter control sequences out of 15000+200000
 11563 words of font info for 32 fonts, out of 3000000 for 9000
 841 hyphenation exceptions out of 8191
 42i,5n,35p,323b,292s stack positions out of 5000i,500n,10000p,200000b,50000s
 <C:\Users\Marta\AppData\L
ocal\MiKTeX\2.9\fonts\pk\ljfour\jknappen\ec\dpi600\ecrm1440.pk> <C:\Users\Marta
\AppData\Local\MiKTeX\2.9\fonts\pk\ljfour\jknappen\ec\dpi600\ecbi1440.pk> <C:\U
sers\Marta\AppData\Local\MiKTeX\2.9\fonts\pk\ljfour\jknappen\ec\dpi600\ecbx1728
.pk><C:/Program Files/MiKTeX 2.9/fonts/type1/public/amsfonts/cm/cmr12.pfb><C:/P
rogram Files/MiKTeX 2.9/fonts/type1/public/amsfonts/cm/cmsy10.pfb>
Output written on spiewnik.pdf (33 pages, 105588 bytes).
PDF statistics:
 249 PDF objects out of 1000 (max. 8388607)
 0 named destinations out of 1000 (max. 500000)
 1 words of extra memory for PDF output out of 10000 (max. 10000000)

